<?xml version="1.0" encoding="UTF-8"?>
<robot generator="Robot 4.0 (Python 3.9.4 on win32)" generated="20210505 23:25:02.579" rpa="false" schemaversion="2">
<suite id="s1" name="Tests" source="C:\Robot Framework Projetos\SuiteSiteTestePractice\tests">
<suite id="s1-s1" name="TestSitePractice" source="C:\Robot Framework Projetos\SuiteSiteTestePractice\tests\TestSitePractice.robot">
<test id="s1-s1-t1" name="Cenário 06: Adicionar Cliente">
<kw name="Abrir navegador" library="Resource" type="SETUP">
<kw name="Open Browser" library="SeleniumLibrary">
<arg>about:blank</arg>
<arg>${BROWSER}</arg>
<doc>Opens a new browser instance to the optional ``url``.</doc>
<msg timestamp="20210505 23:25:02.980" level="INFO">Opening browser 'chrome' to base url 'about:blank'.</msg>
<status status="PASS" starttime="20210505 23:25:02.979" endtime="20210505 23:25:04.465"/>
</kw>
<status status="PASS" starttime="20210505 23:25:02.979" endtime="20210505 23:25:04.465"/>
</kw>
<kw name="Dado que estou na página home do site" library="Resource">
<kw name="Go To" library="SeleniumLibrary">
<arg>http://automationpractice.com</arg>
<doc>Navigates the current browser window to the provided ``url``.</doc>
<msg timestamp="20210505 23:25:04.470" level="INFO">Opening url 'http://automationpractice.com'</msg>
<status status="PASS" starttime="20210505 23:25:04.469" endtime="20210505 23:25:11.924"/>
</kw>
<kw name="Title Should Be" library="SeleniumLibrary">
<arg>My Store</arg>
<doc>Verifies that the current page title equals ``title``.</doc>
<msg timestamp="20210505 23:25:11.931" level="INFO">Page title is 'My Store'.</msg>
<status status="PASS" starttime="20210505 23:25:11.924" endtime="20210505 23:25:11.932"/>
</kw>
<status status="PASS" starttime="20210505 23:25:04.469" endtime="20210505 23:25:11.932"/>
</kw>
<kw name="E confiro se os produtos da sub-categoria foram mostrados" library="Resource">
<kw name="Click Element" library="SeleniumLibrary">
<arg>xpath=//*[@id="block_top_menu"]/ul/li[2]/a</arg>
<doc>Click the element identified by ``locator``.</doc>
<msg timestamp="20210505 23:25:11.934" level="INFO">Clicking element 'xpath=//*[@id="block_top_menu"]/ul/li[2]/a'.</msg>
<status status="PASS" starttime="20210505 23:25:11.933" endtime="20210505 23:25:15.106"/>
</kw>
<kw name="Page Should Contain Element" library="SeleniumLibrary">
<arg>xpath=//*[@id="center_column"]/ul/li[2]/div/div[2]/h5/a[@title="${SUBCATEGORIA[0]}"]</arg>
<doc>Verifies that element ``locator`` is found on the current page.</doc>
<msg timestamp="20210505 23:25:15.118" level="INFO">Current page contains element 'xpath=//*[@id="center_column"]/ul/li[2]/div/div[2]/h5/a[@title="Printed Dress"]'.</msg>
<status status="PASS" starttime="20210505 23:25:15.106" endtime="20210505 23:25:15.119"/>
</kw>
<kw name="Page Should Contain Element" library="SeleniumLibrary">
<arg>xpath=//*[@id="center_column"]/ul/li[3]/div/div[2]/h5/a[@title="${SUBCATEGORIA[1]}"]</arg>
<doc>Verifies that element ``locator`` is found on the current page.</doc>
<msg timestamp="20210505 23:25:15.129" level="INFO">Current page contains element 'xpath=//*[@id="center_column"]/ul/li[3]/div/div[2]/h5/a[@title="Printed Summer Dress"]'.</msg>
<status status="PASS" starttime="20210505 23:25:15.119" endtime="20210505 23:25:15.129"/>
</kw>
<kw name="Page Should Contain Element" library="SeleniumLibrary">
<arg>xpath=//*[@id="center_column"]/ul/li[5]/div/div[2]/h5/a[@title="${SUBCATEGORIA[2]}"]</arg>
<doc>Verifies that element ``locator`` is found on the current page.</doc>
<msg timestamp="20210505 23:25:15.139" level="INFO">Current page contains element 'xpath=//*[@id="center_column"]/ul/li[5]/div/div[2]/h5/a[@title="Printed Chiffon Dress"]'.</msg>
<status status="PASS" starttime="20210505 23:25:15.129" endtime="20210505 23:25:15.140"/>
</kw>
<status status="PASS" starttime="20210505 23:25:11.933" endtime="20210505 23:25:15.140"/>
</kw>
<kw name="E clico no botão Sign in" library="Resource">
<kw name="Click Element" library="SeleniumLibrary">
<arg>xpath=//*[@id="header"]//a[@class="login"]</arg>
<doc>Click the element identified by ``locator``.</doc>
<msg timestamp="20210505 23:25:15.141" level="INFO">Clicking element 'xpath=//*[@id="header"]//a[@class="login"]'.</msg>
<status status="PASS" starttime="20210505 23:25:15.140" endtime="20210505 23:25:17.176"/>
</kw>
<status status="PASS" starttime="20210505 23:25:15.140" endtime="20210505 23:25:17.177"/>
</kw>
<kw name="Quando insiro um e-mail válido" library="Resource">
<kw name="Input Text" library="SeleniumLibrary">
<arg>xpath=//*[@id="email_create"]</arg>
<arg>edipocb@gmail.com</arg>
<doc>Types the given ``text`` into the text field identified by ``locator``.</doc>
<msg timestamp="20210505 23:25:17.178" level="INFO">Typing text 'edipocb@gmail.com' into text field 'xpath=//*[@id="email_create"]'.</msg>
<status status="PASS" starttime="20210505 23:25:17.178" endtime="20210505 23:25:17.324"/>
</kw>
<status status="PASS" starttime="20210505 23:25:17.177" endtime="20210505 23:25:17.324"/>
</kw>
<kw name="E clico no botão create an account" library="Resource">
<kw name="Click Element" library="SeleniumLibrary">
<arg>xpath=//*[@id="SubmitCreate"]</arg>
<doc>Click the element identified by ``locator``.</doc>
<msg timestamp="20210505 23:25:17.326" level="INFO">Clicking element 'xpath=//*[@id="SubmitCreate"]'.</msg>
<status status="PASS" starttime="20210505 23:25:17.325" endtime="20210505 23:25:17.404"/>
</kw>
<status status="PASS" starttime="20210505 23:25:17.325" endtime="20210505 23:25:17.404"/>
</kw>
<kw name="E prencho os campos obrigatórios" library="Resource">
<kw name="Wait Until Element Is Visible" library="SeleniumLibrary">
<arg>//*[@id="account-creation_form"]/div[1]/h3</arg>
<doc>Waits until the element ``locator`` is visible.</doc>
<status status="PASS" starttime="20210505 23:25:17.406" endtime="20210505 23:25:19.666"/>
</kw>
<kw name="Click Element" library="SeleniumLibrary">
<arg>xpath=//*[@id="account-creation_form"]//label[@for="id_gender1"]</arg>
<doc>Click the element identified by ``locator``.</doc>
<msg timestamp="20210505 23:25:19.667" level="INFO">Clicking element 'xpath=//*[@id="account-creation_form"]//label[@for="id_gender1"]'.</msg>
<status status="PASS" starttime="20210505 23:25:19.666" endtime="20210505 23:25:19.718"/>
</kw>
<kw name="Input Text" library="SeleniumLibrary">
<arg>xpath=//*[@id="customer_firstname"]</arg>
<arg>${USUARIO.nome}</arg>
<doc>Types the given ``text`` into the text field identified by ``locator``.</doc>
<msg timestamp="20210505 23:25:19.719" level="INFO">Typing text 'Teste' into text field 'xpath=//*[@id="customer_firstname"]'.</msg>
<status status="PASS" starttime="20210505 23:25:19.718" endtime="20210505 23:25:19.821"/>
</kw>
<kw name="Input Text" library="SeleniumLibrary">
<arg>xpath=//*[@id="customer_lastname"]</arg>
<arg>${USUARIO.sobrenome}</arg>
<doc>Types the given ``text`` into the text field identified by ``locator``.</doc>
<msg timestamp="20210505 23:25:19.823" level="INFO">Typing text 'Etset' into text field 'xpath=//*[@id="customer_lastname"]'.</msg>
<status status="PASS" starttime="20210505 23:25:19.821" endtime="20210505 23:25:19.927"/>
</kw>
<kw name="Clear Element Text" library="SeleniumLibrary">
<arg>xpath=//*[@id="email"]</arg>
<doc>Clears the value of the text-input-element identified by ``locator``.</doc>
<status status="PASS" starttime="20210505 23:25:19.927" endtime="20210505 23:25:19.978"/>
</kw>
<kw name="Input Text" library="SeleniumLibrary">
<arg>xpath=//*[@id="email"]</arg>
<arg>${USUARIO.email}</arg>
<doc>Types the given ``text`` into the text field identified by ``locator``.</doc>
<msg timestamp="20210505 23:25:19.979" level="INFO">Typing text 'edipo@gmail.com' into text field 'xpath=//*[@id="email"]'.</msg>
<status status="PASS" starttime="20210505 23:25:19.979" endtime="20210505 23:25:20.062"/>
</kw>
<kw name="Click Element" library="SeleniumLibrary">
<arg>xpath=//*[@id="email"]</arg>
<doc>Click the element identified by ``locator``.</doc>
<msg timestamp="20210505 23:25:20.063" level="INFO">Clicking element 'xpath=//*[@id="email"]'.</msg>
<status status="PASS" starttime="20210505 23:25:20.062" endtime="20210505 23:25:20.101"/>
</kw>
<kw name="Input Text" library="SeleniumLibrary">
<arg>xpath=//*[@id="passwd"]</arg>
<arg>TesteTeste</arg>
<doc>Types the given ``text`` into the text field identified by ``locator``.</doc>
<msg timestamp="20210505 23:25:20.101" level="INFO">Typing text 'TesteTeste' into text field 'xpath=//*[@id="passwd"]'.</msg>
<status status="PASS" starttime="20210505 23:25:20.101" endtime="20210505 23:25:20.256"/>
</kw>
<kw name="Click Element" library="SeleniumLibrary">
<arg>xpath=//*[@id="days"]/option[6]</arg>
<doc>Click the element identified by ``locator``.</doc>
<msg timestamp="20210505 23:25:20.256" level="INFO">Clicking element 'xpath=//*[@id="days"]/option[6]'.</msg>
<status status="PASS" starttime="20210505 23:25:20.256" endtime="20210505 23:25:20.296"/>
</kw>
<kw name="Click Element" library="SeleniumLibrary">
<arg>xpath=//*[@id="months"]/option[10]</arg>
<doc>Click the element identified by ``locator``.</doc>
<msg timestamp="20210505 23:25:20.296" level="INFO">Clicking element 'xpath=//*[@id="months"]/option[10]'.</msg>
<status status="PASS" starttime="20210505 23:25:20.296" endtime="20210505 23:25:20.331"/>
</kw>
<kw name="Click Element" library="SeleniumLibrary">
<arg>xpath=//*[@id="years"]/option[36]</arg>
<doc>Click the element identified by ``locator``.</doc>
<msg timestamp="20210505 23:25:20.331" level="INFO">Clicking element 'xpath=//*[@id="years"]/option[36]'.</msg>
<status status="PASS" starttime="20210505 23:25:20.331" endtime="20210505 23:25:20.370"/>
</kw>
<kw name="Click Element" library="SeleniumLibrary">
<arg>xpath=//*[@id="newsletter"]</arg>
<doc>Click the element identified by ``locator``.</doc>
<msg timestamp="20210505 23:25:20.370" level="INFO">Clicking element 'xpath=//*[@id="newsletter"]'.</msg>
<status status="PASS" starttime="20210505 23:25:20.370" endtime="20210505 23:25:20.418"/>
</kw>
<kw name="Input Text" library="SeleniumLibrary">
<arg>xpath=//*[@id="firstname"]</arg>
<arg>Testes</arg>
<doc>Types the given ``text`` into the text field identified by ``locator``.</doc>
<msg timestamp="20210505 23:25:20.419" level="INFO">Typing text 'Testes' into text field 'xpath=//*[@id="firstname"]'.</msg>
<status status="PASS" starttime="20210505 23:25:20.418" endtime="20210505 23:25:20.518"/>
</kw>
<kw name="Input Text" library="SeleniumLibrary">
<arg>xpath=//*[@id="lastname"]</arg>
<arg>Setset</arg>
<doc>Types the given ``text`` into the text field identified by ``locator``.</doc>
<msg timestamp="20210505 23:25:20.519" level="INFO">Typing text 'Setset' into text field 'xpath=//*[@id="lastname"]'.</msg>
<status status="PASS" starttime="20210505 23:25:20.518" endtime="20210505 23:25:20.607"/>
</kw>
<kw name="Input Text" library="SeleniumLibrary">
<arg>xpath=//*[@id="address1"]</arg>
<arg>TesteSetset</arg>
<doc>Types the given ``text`` into the text field identified by ``locator``.</doc>
<msg timestamp="20210505 23:25:20.607" level="INFO">Typing text 'TesteSetset' into text field 'xpath=//*[@id="address1"]'.</msg>
<status status="PASS" starttime="20210505 23:25:20.607" endtime="20210505 23:25:20.699"/>
</kw>
<kw name="Input Text" library="SeleniumLibrary">
<arg>xpath=//*[@id="city"]</arg>
<arg>Jackson</arg>
<doc>Types the given ``text`` into the text field identified by ``locator``.</doc>
<msg timestamp="20210505 23:25:20.699" level="INFO">Typing text 'Jackson' into text field 'xpath=//*[@id="city"]'.</msg>
<status status="PASS" starttime="20210505 23:25:20.699" endtime="20210505 23:25:20.799"/>
</kw>
<kw name="Click Element" library="SeleniumLibrary">
<arg>xpath=//*[@id="id_state"]/option[26]</arg>
<doc>Click the element identified by ``locator``.</doc>
<msg timestamp="20210505 23:25:20.799" level="INFO">Clicking element 'xpath=//*[@id="id_state"]/option[26]'.</msg>
<status status="PASS" starttime="20210505 23:25:20.799" endtime="20210505 23:25:20.838"/>
</kw>
<kw name="Input Text" library="SeleniumLibrary">
<arg>xpath=//*[@id="phone_mobile"]</arg>
<arg>55 11 99999999</arg>
<doc>Types the given ``text`` into the text field identified by ``locator``.</doc>
<msg timestamp="20210505 23:25:20.839" level="INFO">Typing text '55 11 99999999' into text field 'xpath=//*[@id="phone_mobile"]'.</msg>
<status status="PASS" starttime="20210505 23:25:20.838" endtime="20210505 23:25:20.927"/>
</kw>
<kw name="Input Text" library="SeleniumLibrary">
<arg>xpath=//*[@id="alias"]</arg>
<arg>Test Test</arg>
<doc>Types the given ``text`` into the text field identified by ``locator``.</doc>
<msg timestamp="20210505 23:25:20.927" level="INFO">Typing text 'Test Test' into text field 'xpath=//*[@id="alias"]'.</msg>
<status status="PASS" starttime="20210505 23:25:20.927" endtime="20210505 23:25:21.018"/>
</kw>
<status status="PASS" starttime="20210505 23:25:17.405" endtime="20210505 23:25:21.018"/>
</kw>
<status status="PASS" starttime="20210505 23:25:02.977" endtime="20210505 23:25:21.019"/>
</test>
<status status="PASS" starttime="20210505 23:25:02.626" endtime="20210505 23:25:21.020"/>
</suite>
<status status="PASS" starttime="20210505 23:25:02.579" endtime="20210505 23:25:21.022"/>
</suite>
<statistics>
<total>
<stat pass="1" fail="0" skip="0">All Tests</stat>
</total>
<tag>
</tag>
<suite>
<stat pass="1" fail="0" skip="0" id="s1" name="Tests">Tests</stat>
<stat pass="1" fail="0" skip="0" id="s1-s1" name="TestSitePractice">Tests.TestSitePractice</stat>
</suite>
</statistics>
<errors>
</errors>
</robot>
