<?xml version="1.0" encoding="UTF-8"?>
<robot generator="Robot 4.0 (Python 3.9.4 on win32)" generated="20210504 19:24:29.760" rpa="false" schemaversion="2">
<suite id="s1" name="TestSitePractice" source="C:\Robot Framework Projetos\SuiteSiteTestePractice\tests\TestSitePractice.robot">
<test id="s1-t1" name="Cenário 01: Pesquisar produto existente">
<kw name="Abrir navegador" library="Resource" type="SETUP">
<kw name="Open Browser" library="SeleniumLibrary">
<arg>about:blank</arg>
<arg>${BROWSER}</arg>
<doc>Opens a new browser instance to the optional ``url``.</doc>
<msg timestamp="20210504 19:24:30.264" level="INFO">Opening browser 'chrome' to base url 'about:blank'.</msg>
<status status="PASS" starttime="20210504 19:24:30.264" endtime="20210504 19:24:32.109"/>
</kw>
<status status="PASS" starttime="20210504 19:24:30.264" endtime="20210504 19:24:32.109"/>
</kw>
<kw name="Dado que estou na página home do site" library="Resource">
<kw name="Go To" library="SeleniumLibrary">
<arg>http://automationpractice.com</arg>
<doc>Navigates the current browser window to the provided ``url``.</doc>
<msg timestamp="20210504 19:24:32.111" level="INFO">Opening url 'http://automationpractice.com'</msg>
<status status="PASS" starttime="20210504 19:24:32.111" endtime="20210504 19:24:43.077"/>
</kw>
<kw name="Title Should Be" library="SeleniumLibrary">
<arg>My Store</arg>
<doc>Verifies that the current page title equals ``title``.</doc>
<msg timestamp="20210504 19:24:43.085" level="INFO">Page title is 'My Store'.</msg>
<status status="PASS" starttime="20210504 19:24:43.078" endtime="20210504 19:24:43.085"/>
</kw>
<status status="PASS" starttime="20210504 19:24:32.110" endtime="20210504 19:24:43.086"/>
</kw>
<kw name="Quando eu pesquisar pelo produto &quot;Blouse&quot;" library="Resource" sourcename="Quando eu pesquisar pelo produto &quot;${PRODUTO}&quot;">
<kw name="Input Text" library="SeleniumLibrary">
<arg>id=search_query_top</arg>
<arg>"${PRODUTO}"</arg>
<doc>Types the given ``text`` into the text field identified by ``locator``.</doc>
<msg timestamp="20210504 19:24:43.088" level="INFO">Typing text '"Blouse"' into text field 'id=search_query_top'.</msg>
<status status="PASS" starttime="20210504 19:24:43.088" endtime="20210504 19:24:43.227"/>
</kw>
<kw name="Click Element" library="SeleniumLibrary">
<arg>name=submit_search</arg>
<doc>Click the element identified by ``locator``.</doc>
<msg timestamp="20210504 19:24:43.229" level="INFO">Clicking element 'name=submit_search'.</msg>
<status status="PASS" starttime="20210504 19:24:43.227" endtime="20210504 19:24:43.303"/>
</kw>
<status status="PASS" starttime="20210504 19:24:43.086" endtime="20210504 19:24:43.304"/>
</kw>
<kw name="Então o produto &quot;Blouse&quot; deve ser listado na página de resultado da busca" library="Resource" sourcename="Então o produto &quot;${PRODUTO}&quot; deve ser listado na página de resultado da busca">
<kw name="Wait Until Element Is Visible" library="SeleniumLibrary">
<arg>css=#center_column &gt; h1</arg>
<doc>Waits until the element ``locator`` is visible.</doc>
<status status="PASS" starttime="20210504 19:24:43.306" endtime="20210504 19:24:45.733"/>
</kw>
<kw name="Title Should Be" library="SeleniumLibrary">
<arg>Search - My Store</arg>
<doc>Verifies that the current page title equals ``title``.</doc>
<msg timestamp="20210504 19:24:45.737" level="INFO">Page title is 'Search - My Store'.</msg>
<status status="PASS" starttime="20210504 19:24:45.733" endtime="20210504 19:24:45.737"/>
</kw>
<kw name="Page Should Contain Image" library="SeleniumLibrary">
<arg>xpath=//*[@id="center_column"]//*[@src="http://automationpractice.com/img/p/7/7-home_default.jpg"]</arg>
<doc>Verifies image identified by ``locator`` is found from current page.</doc>
<msg timestamp="20210504 19:24:45.755" level="INFO">Current page contains image 'xpath=//*[@id="center_column"]//*[@src="http://automationpractice.com/img/p/7/7-home_default.jpg"]'.</msg>
<status status="PASS" starttime="20210504 19:24:45.738" endtime="20210504 19:24:45.755"/>
</kw>
<kw name="Page Should Contain Link" library="SeleniumLibrary">
<arg>xpath=//*[@id="center_column"]//a[@class="product-name"][contains(text(),"${PRODUTO}")]</arg>
<doc>Verifies link identified by ``locator`` is found from current page.</doc>
<msg timestamp="20210504 19:24:45.770" level="INFO">Current page contains link 'xpath=//*[@id="center_column"]//a[@class="product-name"][contains(text(),"Blouse")]'.</msg>
<status status="PASS" starttime="20210504 19:24:45.755" endtime="20210504 19:24:45.770"/>
</kw>
<status status="PASS" starttime="20210504 19:24:43.305" endtime="20210504 19:24:45.770"/>
</kw>
<status status="PASS" starttime="20210504 19:24:30.263" endtime="20210504 19:24:45.770"/>
</test>
<test id="s1-t2" name="Cenário 02: Pesquisar produto não existente">
<kw name="Abrir navegador" library="Resource" type="SETUP">
<kw name="Open Browser" library="SeleniumLibrary">
<arg>about:blank</arg>
<arg>${BROWSER}</arg>
<doc>Opens a new browser instance to the optional ``url``.</doc>
<msg timestamp="20210504 19:24:45.774" level="INFO">Opening browser 'chrome' to base url 'about:blank'.</msg>
<status status="PASS" starttime="20210504 19:24:45.774" endtime="20210504 19:24:47.080"/>
</kw>
<status status="PASS" starttime="20210504 19:24:45.773" endtime="20210504 19:24:47.080"/>
</kw>
<kw name="Dado que estou na página home do site" library="Resource">
<kw name="Go To" library="SeleniumLibrary">
<arg>http://automationpractice.com</arg>
<doc>Navigates the current browser window to the provided ``url``.</doc>
<msg timestamp="20210504 19:24:47.082" level="INFO">Opening url 'http://automationpractice.com'</msg>
<status status="PASS" starttime="20210504 19:24:47.082" endtime="20210504 19:24:53.589"/>
</kw>
<kw name="Title Should Be" library="SeleniumLibrary">
<arg>My Store</arg>
<doc>Verifies that the current page title equals ``title``.</doc>
<msg timestamp="20210504 19:24:53.594" level="INFO">Page title is 'My Store'.</msg>
<status status="PASS" starttime="20210504 19:24:53.589" endtime="20210504 19:24:53.594"/>
</kw>
<status status="PASS" starttime="20210504 19:24:47.081" endtime="20210504 19:24:53.595"/>
</kw>
<kw name="Quando eu pesquisar pelo produto &quot;itemNãoExistente&quot;" library="Resource" sourcename="Quando eu pesquisar pelo produto &quot;${PRODUTO}&quot;">
<kw name="Input Text" library="SeleniumLibrary">
<arg>id=search_query_top</arg>
<arg>"${PRODUTO}"</arg>
<doc>Types the given ``text`` into the text field identified by ``locator``.</doc>
<msg timestamp="20210504 19:24:53.597" level="INFO">Typing text '"itemNãoExistente"' into text field 'id=search_query_top'.</msg>
<status status="PASS" starttime="20210504 19:24:53.597" endtime="20210504 19:24:53.722"/>
</kw>
<kw name="Click Element" library="SeleniumLibrary">
<arg>name=submit_search</arg>
<doc>Click the element identified by ``locator``.</doc>
<msg timestamp="20210504 19:24:53.723" level="INFO">Clicking element 'name=submit_search'.</msg>
<status status="PASS" starttime="20210504 19:24:53.722" endtime="20210504 19:24:55.190"/>
</kw>
<status status="PASS" starttime="20210504 19:24:53.595" endtime="20210504 19:24:55.190"/>
</kw>
<kw name="Então a página deve exibir a mensagem &quot;No results were found for your search &quot;&quot;itemNãoExistente&quot;&quot;&quot;" library="Resource" sourcename="Então a página deve exibir a mensagem &quot;${MENSAGEM_ALERTA}&quot;">
<kw name="Wait Until Element Is Visible" library="SeleniumLibrary">
<arg>//*[@id="center_column"]//p[@class="alert alert-warning"]</arg>
<doc>Waits until the element ``locator`` is visible.</doc>
<status status="PASS" starttime="20210504 19:24:55.193" endtime="20210504 19:24:55.227"/>
</kw>
<kw name="Element Text Should Be" library="SeleniumLibrary">
<arg>//*[@id="center_column"]//p[@class="alert alert-warning"]</arg>
<arg>${MENSAGEM_ALERTA}</arg>
<doc>Verifies that element ``locator`` contains exact the text ``expected``.</doc>
<msg timestamp="20210504 19:24:55.228" level="INFO">Verifying element '//*[@id="center_column"]//p[@class="alert alert-warning"]' contains exact text 'No results were found for your search ""itemNãoExistente""'.</msg>
<status status="PASS" starttime="20210504 19:24:55.227" endtime="20210504 19:24:55.249"/>
</kw>
<status status="PASS" starttime="20210504 19:24:55.191" endtime="20210504 19:24:55.249"/>
</kw>
<status status="PASS" starttime="20210504 19:24:45.773" endtime="20210504 19:24:55.249"/>
</test>
<test id="s1-t3" name="Cenário 03: Listar produto">
<kw name="Abrir navegador" library="Resource" type="SETUP">
<kw name="Open Browser" library="SeleniumLibrary">
<arg>about:blank</arg>
<arg>${BROWSER}</arg>
<doc>Opens a new browser instance to the optional ``url``.</doc>
<msg timestamp="20210504 19:24:55.249" level="INFO">Opening browser 'chrome' to base url 'about:blank'.</msg>
<status status="PASS" starttime="20210504 19:24:55.249" endtime="20210504 19:24:56.623"/>
</kw>
<status status="PASS" starttime="20210504 19:24:55.249" endtime="20210504 19:24:56.623"/>
</kw>
<kw name="Dado que estou na página home do site" library="Resource">
<kw name="Go To" library="SeleniumLibrary">
<arg>http://automationpractice.com</arg>
<doc>Navigates the current browser window to the provided ``url``.</doc>
<msg timestamp="20210504 19:24:56.634" level="INFO">Opening url 'http://automationpractice.com'</msg>
<status status="PASS" starttime="20210504 19:24:56.634" endtime="20210504 19:25:03.336"/>
</kw>
<kw name="Title Should Be" library="SeleniumLibrary">
<arg>My Store</arg>
<doc>Verifies that the current page title equals ``title``.</doc>
<msg timestamp="20210504 19:25:03.344" level="INFO">Page title is 'My Store'.</msg>
<status status="PASS" starttime="20210504 19:25:03.337" endtime="20210504 19:25:03.344"/>
</kw>
<status status="PASS" starttime="20210504 19:24:56.634" endtime="20210504 19:25:03.344"/>
</kw>
<kw name="Quando passo o mouse por cima da categoria &quot;Women&quot; no menu principal" library="Resource" sourcename="Quando passo o mouse por cima da categoria &quot;${CATEGORIA}&quot; no menu principal">
<kw name="Mouse Over" library="SeleniumLibrary">
<arg>xpath=//*[@id="block_top_menu"]//a[@title="Women"]</arg>
<doc>Simulates hovering the mouse over the element ``locator``.</doc>
<msg timestamp="20210504 19:25:03.346" level="INFO">Simulating Mouse Over on element 'xpath=//*[@id="block_top_menu"]//a[@title="Women"]'.</msg>
<status status="PASS" starttime="20210504 19:25:03.345" endtime="20210504 19:25:03.642"/>
</kw>
<status status="PASS" starttime="20210504 19:25:03.345" endtime="20210504 19:25:03.643"/>
</kw>
<kw name="Então clico na sub categoria &quot;Summer Dresses&quot;" library="Resource">
<kw name="Click Element" library="SeleniumLibrary">
<arg>css=#block_top_menu &gt; ul &gt; li:nth-child(1) &gt; ul &gt; li:nth-child(2) &gt; ul &gt; li:nth-child(3) &gt; a</arg>
<doc>Click the element identified by ``locator``.</doc>
<msg timestamp="20210504 19:25:03.645" level="INFO">Clicking element 'css=#block_top_menu &gt; ul &gt; li:nth-child(1) &gt; ul &gt; li:nth-child(2) &gt; ul &gt; li:nth-child(3) &gt; a'.</msg>
<status status="PASS" starttime="20210504 19:25:03.644" endtime="20210504 19:25:05.755"/>
</kw>
<kw name="Title Should Be" library="SeleniumLibrary">
<arg>Summer Dresses - My Store</arg>
<doc>Verifies that the current page title equals ``title``.</doc>
<msg timestamp="20210504 19:25:05.821" level="INFO">Page title is 'Summer Dresses - My Store'.</msg>
<status status="PASS" starttime="20210504 19:25:05.756" endtime="20210504 19:25:05.821"/>
</kw>
<status status="PASS" starttime="20210504 19:25:03.643" endtime="20210504 19:25:05.821"/>
</kw>
<status status="PASS" starttime="20210504 19:24:55.249" endtime="20210504 19:25:05.822"/>
</test>
<test id="s1-t4" name="Cenário 04: Adicionar produtos no carrinho">
<kw name="Abrir navegador" library="Resource" type="SETUP">
<kw name="Open Browser" library="SeleniumLibrary">
<arg>about:blank</arg>
<arg>${BROWSER}</arg>
<doc>Opens a new browser instance to the optional ``url``.</doc>
<msg timestamp="20210504 19:25:05.826" level="INFO">Opening browser 'chrome' to base url 'about:blank'.</msg>
<status status="PASS" starttime="20210504 19:25:05.826" endtime="20210504 19:25:07.363"/>
</kw>
<status status="PASS" starttime="20210504 19:25:05.825" endtime="20210504 19:25:07.364"/>
</kw>
<kw name="Dado que estou na página home do site" library="Resource">
<kw name="Go To" library="SeleniumLibrary">
<arg>http://automationpractice.com</arg>
<doc>Navigates the current browser window to the provided ``url``.</doc>
<msg timestamp="20210504 19:25:07.365" level="INFO">Opening url 'http://automationpractice.com'</msg>
<status status="PASS" starttime="20210504 19:25:07.365" endtime="20210504 19:25:13.498"/>
</kw>
<kw name="Title Should Be" library="SeleniumLibrary">
<arg>My Store</arg>
<doc>Verifies that the current page title equals ``title``.</doc>
<msg timestamp="20210504 19:25:13.504" level="INFO">Page title is 'My Store'.</msg>
<status status="PASS" starttime="20210504 19:25:13.499" endtime="20210504 19:25:13.504"/>
</kw>
<status status="PASS" starttime="20210504 19:25:07.364" endtime="20210504 19:25:13.504"/>
</kw>
<kw name="Quando eu pesquisar pelo produto &quot;T-shirt&quot;" library="Resource" sourcename="Quando eu pesquisar pelo produto &quot;${PRODUTO}&quot;">
<kw name="Input Text" library="SeleniumLibrary">
<arg>id=search_query_top</arg>
<arg>"${PRODUTO}"</arg>
<doc>Types the given ``text`` into the text field identified by ``locator``.</doc>
<msg timestamp="20210504 19:25:13.505" level="INFO">Typing text '"T-shirt"' into text field 'id=search_query_top'.</msg>
<status status="PASS" starttime="20210504 19:25:13.505" endtime="20210504 19:25:13.623"/>
</kw>
<kw name="Click Element" library="SeleniumLibrary">
<arg>name=submit_search</arg>
<doc>Click the element identified by ``locator``.</doc>
<msg timestamp="20210504 19:25:13.623" level="INFO">Clicking element 'name=submit_search'.</msg>
<status status="PASS" starttime="20210504 19:25:13.623" endtime="20210504 19:25:13.694"/>
</kw>
<status status="PASS" starttime="20210504 19:25:13.504" endtime="20210504 19:25:13.694"/>
</kw>
<kw name="E clicar no botão pesquisar" library="Resource">
<kw name="Click Element" library="SeleniumLibrary">
<arg>name=submit_search</arg>
<doc>Click the element identified by ``locator``.</doc>
<msg timestamp="20210504 19:25:13.698" level="INFO">Clicking element 'name=submit_search'.</msg>
<status status="PASS" starttime="20210504 19:25:13.698" endtime="20210504 19:25:16.545"/>
</kw>
<status status="PASS" starttime="20210504 19:25:13.697" endtime="20210504 19:25:16.546"/>
</kw>
<kw name="E clico no botão Add to cart" library="Resource">
<kw name="Mouse Over" library="SeleniumLibrary">
<arg>xpath=//*[@id="center_column"]//img[@src="http://automationpractice.com/img/p/1/1-home_default.jpg"]</arg>
<doc>Simulates hovering the mouse over the element ``locator``.</doc>
<msg timestamp="20210504 19:25:16.550" level="INFO">Simulating Mouse Over on element 'xpath=//*[@id="center_column"]//img[@src="http://automationpractice.com/img/p/1/1-home_default.jpg"]'.</msg>
<status status="PASS" starttime="20210504 19:25:16.549" endtime="20210504 19:25:16.872"/>
</kw>
<kw name="Click Element" library="SeleniumLibrary">
<arg>//a[@class="button ajax_add_to_cart_button btn btn-default"]</arg>
<doc>Click the element identified by ``locator``.</doc>
<msg timestamp="20210504 19:25:16.872" level="INFO">Clicking element '//a[@class="button ajax_add_to_cart_button btn btn-default"]'.</msg>
<status status="PASS" starttime="20210504 19:25:16.872" endtime="20210504 19:25:17.059"/>
</kw>
<status status="PASS" starttime="20210504 19:25:16.547" endtime="20210504 19:25:17.060"/>
</kw>
<kw name="Então clico no botão Proceed to checkout" library="Resource">
<kw name="Wait Until Element Is Visible" library="SeleniumLibrary">
<arg>xpath=//*[@id="layer_cart"]//div[@class="layer_cart_cart col-xs-12 col-md-6"]</arg>
<doc>Waits until the element ``locator`` is visible.</doc>
<status status="PASS" starttime="20210504 19:25:17.060" endtime="20210504 19:25:18.390"/>
</kw>
<kw name="Click Element" library="SeleniumLibrary">
<arg>xpath=//a[@class="btn btn-default button button-medium"]</arg>
<doc>Click the element identified by ``locator``.</doc>
<msg timestamp="20210504 19:25:18.394" level="INFO">Clicking element 'xpath=//a[@class="btn btn-default button button-medium"]'.</msg>
<status status="PASS" starttime="20210504 19:25:18.393" endtime="20210504 19:25:20.439"/>
</kw>
<status status="PASS" starttime="20210504 19:25:17.060" endtime="20210504 19:25:20.439"/>
</kw>
<status status="PASS" starttime="20210504 19:25:05.822" endtime="20210504 19:25:20.440"/>
</test>
<test id="s1-t5" name="Cenário 05: Remover produto">
<kw name="Abrir navegador" library="Resource" type="SETUP">
<kw name="Open Browser" library="SeleniumLibrary">
<arg>about:blank</arg>
<arg>${BROWSER}</arg>
<doc>Opens a new browser instance to the optional ``url``.</doc>
<msg timestamp="20210504 19:25:20.444" level="INFO">Opening browser 'chrome' to base url 'about:blank'.</msg>
<status status="PASS" starttime="20210504 19:25:20.443" endtime="20210504 19:25:22.090"/>
</kw>
<status status="PASS" starttime="20210504 19:25:20.443" endtime="20210504 19:25:22.090"/>
</kw>
<kw name="Dado que estou na página home do site" library="Resource">
<kw name="Go To" library="SeleniumLibrary">
<arg>http://automationpractice.com</arg>
<doc>Navigates the current browser window to the provided ``url``.</doc>
<msg timestamp="20210504 19:25:22.094" level="INFO">Opening url 'http://automationpractice.com'</msg>
<status status="PASS" starttime="20210504 19:25:22.092" endtime="20210504 19:25:29.003"/>
</kw>
<kw name="Title Should Be" library="SeleniumLibrary">
<arg>My Store</arg>
<doc>Verifies that the current page title equals ``title``.</doc>
<msg timestamp="20210504 19:25:29.012" level="INFO">Page title is 'My Store'.</msg>
<status status="PASS" starttime="20210504 19:25:29.003" endtime="20210504 19:25:29.012"/>
</kw>
<status status="PASS" starttime="20210504 19:25:22.091" endtime="20210504 19:25:29.012"/>
</kw>
<kw name="E incluo o produto &quot;T-shirt&quot; no carrinho de compra" library="Resource" sourcename="E incluo o produto &quot;${PRODUTO}&quot; no carrinho de compra">
<kw name="Input Text" library="SeleniumLibrary">
<arg>id=search_query_top</arg>
<arg>"${PRODUTO}"</arg>
<doc>Types the given ``text`` into the text field identified by ``locator``.</doc>
<msg timestamp="20210504 19:25:29.015" level="INFO">Typing text '"T-shirt"' into text field 'id=search_query_top'.</msg>
<status status="PASS" starttime="20210504 19:25:29.014" endtime="20210504 19:25:29.140"/>
</kw>
<kw name="Click Element" library="SeleniumLibrary">
<arg>name=submit_search</arg>
<doc>Click the element identified by ``locator``.</doc>
<msg timestamp="20210504 19:25:29.141" level="INFO">Clicking element 'name=submit_search'.</msg>
<status status="PASS" starttime="20210504 19:25:29.141" endtime="20210504 19:25:29.206"/>
</kw>
<kw name="Mouse Over" library="SeleniumLibrary">
<arg>xpath=//*[@id="center_column"]//img[@src="http://automationpractice.com/img/p/1/1-home_default.jpg"]</arg>
<doc>Simulates hovering the mouse over the element ``locator``.</doc>
<msg timestamp="20210504 19:25:29.208" level="INFO">Simulating Mouse Over on element 'xpath=//*[@id="center_column"]//img[@src="http://automationpractice.com/img/p/1/1-home_default.jpg"]'.</msg>
<status status="PASS" starttime="20210504 19:25:29.208" endtime="20210504 19:25:31.548"/>
</kw>
<kw name="Click Element" library="SeleniumLibrary">
<arg>//a[@class="button ajax_add_to_cart_button btn btn-default"]</arg>
<doc>Click the element identified by ``locator``.</doc>
<msg timestamp="20210504 19:25:31.548" level="INFO">Clicking element '//a[@class="button ajax_add_to_cart_button btn btn-default"]'.</msg>
<status status="PASS" starttime="20210504 19:25:31.548" endtime="20210504 19:25:31.743"/>
</kw>
<kw name="Wait Until Element Is Visible" library="SeleniumLibrary">
<arg>xpath=//*[@id="layer_cart"]//div[@class="layer_cart_cart col-xs-12 col-md-6"]</arg>
<doc>Waits until the element ``locator`` is visible.</doc>
<status status="PASS" starttime="20210504 19:25:31.743" endtime="20210504 19:25:32.953"/>
</kw>
<kw name="Click Element" library="SeleniumLibrary">
<arg>xpath=//*[@id="layer_cart"]//span[@title="Continue shopping"]</arg>
<doc>Click the element identified by ``locator``.</doc>
<msg timestamp="20210504 19:25:32.956" level="INFO">Clicking element 'xpath=//*[@id="layer_cart"]//span[@title="Continue shopping"]'.</msg>
<status status="PASS" starttime="20210504 19:25:32.954" endtime="20210504 19:25:33.019"/>
</kw>
<status status="PASS" starttime="20210504 19:25:29.013" endtime="20210504 19:25:33.019"/>
</kw>
<kw name="Quando clico no ícone do carrinho de compras" library="Resource">
<kw name="Mouse Over" library="SeleniumLibrary">
<arg>xpath=//*[@id="header"]//a[@title="View my shopping cart"]</arg>
<doc>Simulates hovering the mouse over the element ``locator``.</doc>
<msg timestamp="20210504 19:25:33.019" level="INFO">Simulating Mouse Over on element 'xpath=//*[@id="header"]//a[@title="View my shopping cart"]'.</msg>
<status status="PASS" starttime="20210504 19:25:33.019" endtime="20210504 19:25:33.338"/>
</kw>
<status status="PASS" starttime="20210504 19:25:33.019" endtime="20210504 19:25:33.338"/>
</kw>
<kw name="Então removo o produto do carrinho" library="Resource">
<kw name="Click Element" library="SeleniumLibrary">
<arg>xpath=//*[@id="header"]//a[@class="ajax_cart_block_remove_link"]</arg>
<doc>Click the element identified by ``locator``.</doc>
<msg timestamp="20210504 19:25:33.340" level="INFO">Clicking element 'xpath=//*[@id="header"]//a[@class="ajax_cart_block_remove_link"]'.</msg>
<status status="PASS" starttime="20210504 19:25:33.338" endtime="20210504 19:25:33.392"/>
</kw>
<status status="PASS" starttime="20210504 19:25:33.338" endtime="20210504 19:25:33.392"/>
</kw>
<status status="PASS" starttime="20210504 19:25:20.442" endtime="20210504 19:25:33.396"/>
</test>
<status status="PASS" starttime="20210504 19:24:29.763" endtime="20210504 19:25:33.399"/>
</suite>
<statistics>
<total>
<stat pass="5" fail="0" skip="0">All Tests</stat>
</total>
<tag>
</tag>
<suite>
<stat pass="5" fail="0" skip="0" id="s1" name="TestSitePractice">TestSitePractice</stat>
</suite>
</statistics>
<errors>
</errors>
</robot>
